[debug] [2020-03-15T19:05:30.487Z] ----------------------------------------------------------------------
[debug] [2020-03-15T19:05:30.492Z] Command:       C:\Users\aydan\PROGRA~1\firebase-tools-instant-win.exe C:\Users\aydan\.cache\firebase\tools\lib\node_modules\firebase-tools\lib\bin\firebase deploy -m Added CSS!
[debug] [2020-03-15T19:05:30.492Z] CLI Version:   7.15.0
[debug] [2020-03-15T19:05:30.492Z] Platform:      win32
[debug] [2020-03-15T19:05:30.492Z] Node Version:  v12.13.1
[debug] [2020-03-15T19:05:30.495Z] Time:          Sun Mar 15 2020 12:05:30 GMT-0700 (Pacific Daylight Time)
[debug] [2020-03-15T19:05:30.495Z] ----------------------------------------------------------------------
[debug] [2020-03-15T19:05:30.495Z] 
[debug] [2020-03-15T19:05:30.515Z] > command requires scopes: ["email","openid","https://www.googleapis.com/auth/cloudplatformprojects.readonly","https://www.googleapis.com/auth/firebase","https://www.googleapis.com/auth/cloud-platform"]
[debug] [2020-03-15T19:05:30.515Z] > authorizing via signed-in user
[debug] [2020-03-15T19:05:30.516Z] [iam] checking project supplies2seniors-26e2f for permissions ["firebase.projects.get","firebasedatabase.instances.update","firebasehosting.sites.update"]
[debug] [2020-03-15T19:05:30.521Z] >>> HTTP REQUEST POST https://cloudresourcemanager.googleapis.com/v1/projects/supplies2seniors-26e2f:testIamPermissions  

[debug] [2020-03-15T19:05:30.818Z] <<< HTTP RESPONSE 200
[debug] [2020-03-15T19:05:30.821Z] >>> HTTP REQUEST GET https://firebase.googleapis.com/v1beta1/projects/supplies2seniors-26e2f  
 
[debug] [2020-03-15T19:05:31.114Z] <<< HTTP RESPONSE 200
[info] 
[info] === Deploying to 'supplies2seniors-26e2f'...
[info] 
[info] i  deploying database, hosting
[info] i  database: checking rules syntax...
[debug] [2020-03-15T19:05:31.128Z] >>> HTTP REQUEST PUT https://supplies2seniors-26e2f.firebaseio.com/.settings/rules.json?dryRun=true  
 {
  /* Visit https://firebase.google.com/docs/database/security to learn more about security rules. */
  "rules": {
    ".read": false,
    ".write": false
  }
}
[debug] [2020-03-15T19:05:31.559Z] <<< HTTP RESPONSE 200
[info] +  database: rules syntax for database supplies2seniors-26e2f is valid
[debug] [2020-03-15T19:05:31.564Z] >>> HTTP REQUEST POST https://firebasehosting.googleapis.com/v1beta1/sites/supplies2seniors/versions  

